<?xml version="1.0" encoding="UTF-8" standalone="yes"?><!DOCTYPE report PUBLIC "-//JACOCO//DTD Report 1.1//EN" "report.dtd"><report name="TourGuide"><sessioninfo id="DESKTOP-H6GPDDB-a722968f" start="1640871833231" dump="1640871833912"/><sessioninfo id="DESKTOP-H6GPDDB-8ddd8b79" start="1640887841386" dump="1640887842063"/><sessioninfo id="DESKTOP-H6GPDDB-d5881dcc" start="1640887888462" dump="1640887889185"/><sessioninfo id="DESKTOP-H6GPDDB-756d0ee1" start="1640888100996" dump="1640888101576"/><sessioninfo id="DESKTOP-H6GPDDB-76482aab" start="1640888120285" dump="1640888120867"/><sessioninfo id="DESKTOP-H6GPDDB-2b42d3" start="1640888136662" dump="1640888137237"/><sessioninfo id="DESKTOP-H6GPDDB-fc558d2b" start="1640888194107" dump="1640888194701"/><sessioninfo id="DESKTOP-H6GPDDB-404481be" start="1640888239777" dump="1640888240335"/><sessioninfo id="DESKTOP-H6GPDDB-e6ec43f3" start="1640888257032" dump="1640888257598"/><sessioninfo id="DESKTOP-H6GPDDB-9f78b2a3" start="1640888318275" dump="1640888318849"/><sessioninfo id="DESKTOP-H6GPDDB-79ab4458" start="1640888386555" dump="1640888387124"/><sessioninfo id="DESKTOP-H6GPDDB-62841df3" start="1640888553371" dump="1640888553960"/><sessioninfo id="DESKTOP-H6GPDDB-bab56494" start="1640888787498" dump="1640888788068"/><sessioninfo id="DESKTOP-H6GPDDB-c814cb28" start="1640888834052" dump="1640888834634"/><sessioninfo id="DESKTOP-H6GPDDB-cc3af786" start="1640888965548" dump="1640888966117"/><sessioninfo id="DESKTOP-H6GPDDB-16fb6c9d" start="1640889398353" dump="1640889398935"/><sessioninfo id="DESKTOP-H6GPDDB-61e8cfb5" start="1640889457389" dump="1640889457969"/><sessioninfo id="DESKTOP-H6GPDDB-46eaa823" start="1640889475081" dump="1640889475752"/><sessioninfo id="DESKTOP-H6GPDDB-9229283f" start="1640889510112" dump="1640889511048"/><sessioninfo id="DESKTOP-H6GPDDB-6cdc5714" start="1640889531008" dump="1640889531873"/><sessioninfo id="DESKTOP-H6GPDDB-15bab536" start="1640889567209" dump="1640889568061"/><sessioninfo id="DESKTOP-H6GPDDB-3c76b8f2" start="1640889575808" dump="1640889576388"/><sessioninfo id="DESKTOP-H6GPDDB-4957b4c4" start="1640889616305" dump="1640889617122"/><sessioninfo id="DESKTOP-H6GPDDB-646c8f0c" start="1640889741136" dump="1640889741715"/><sessioninfo id="DESKTOP-H6GPDDB-c9923b4b" start="1640889976393" dump="1640889977087"/><sessioninfo id="DESKTOP-H6GPDDB-cca2d797" start="1640889995670" dump="1640889996219"/><sessioninfo id="DESKTOP-H6GPDDB-a2ad2aca" start="1640890072848" dump="1640890073722"/><sessioninfo id="DESKTOP-H6GPDDB-c4bae4e7" start="1640890193281" dump="1640890194134"/><sessioninfo id="DESKTOP-H6GPDDB-c6602489" start="1640960297899" dump="1640960299017"/><sessioninfo id="DESKTOP-H6GPDDB-57b343c3" start="1640960330049" dump="1640960330717"/><sessioninfo id="DESKTOP-H6GPDDB-2d9a0530" start="1640960488396" dump="1640960489299"/><sessioninfo id="DESKTOP-H6GPDDB-526df62f" start="1640960819796" dump="1640960820850"/><package name="tourGuide"><class name="tourGuide/Application" sourcefilename="Application.java"><method name="&lt;init&gt;" desc="()V" line="9"><counter type="INSTRUCTION" missed="3" covered="0"/><counter type="LINE" missed="1" covered="0"/><counter type="COMPLEXITY" missed="1" covered="0"/><counter type="METHOD" missed="1" covered="0"/></method><method name="main" desc="([Ljava/lang/String;)V" line="12"><counter type="INSTRUCTION" missed="11" covered="0"/><counter type="LINE" missed="3" covered="0"/><counter type="COMPLEXITY" missed="1" covered="0"/><counter type="METHOD" missed="1" covered="0"/></method><counter type="INSTRUCTION" missed="14" covered="0"/><counter type="LINE" missed="4" covered="0"/><counter type="COMPLEXITY" missed="2" covered="0"/><counter type="METHOD" missed="2" covered="0"/><counter type="CLASS" missed="1" covered="0"/></class><class name="tourGuide/TourGuideModule" sourcefilename="TourGuideModule.java"><method name="&lt;init&gt;" desc="()V" line="12"><counter type="INSTRUCTION" missed="3" covered="0"/><counter type="LINE" missed="1" covered="0"/><counter type="COMPLEXITY" missed="1" covered="0"/><counter type="METHOD" missed="1" covered="0"/></method><method name="getGpsUtil" desc="()LgpsUtil/GpsUtil;" line="16"><counter type="INSTRUCTION" missed="4" covered="0"/><counter type="LINE" missed="1" covered="0"/><counter type="COMPLEXITY" missed="1" covered="0"/><counter type="METHOD" missed="1" covered="0"/></method><counter type="INSTRUCTION" missed="7" covered="0"/><counter type="LINE" missed="2" covered="0"/><counter type="COMPLEXITY" missed="2" covered="0"/><counter type="METHOD" missed="2" covered="0"/><counter type="CLASS" missed="1" covered="0"/></class><sourcefile name="Application.java"><line nr="9" mi="3" ci="0" mb="0" cb="0"/><line nr="12" mi="6" ci="0" mb="0" cb="0"/><line nr="13" mi="4" ci="0" mb="0" cb="0"/><line nr="14" mi="1" ci="0" mb="0" cb="0"/><counter type="INSTRUCTION" missed="14" covered="0"/><counter type="LINE" missed="4" covered="0"/><counter type="COMPLEXITY" missed="2" covered="0"/><counter type="METHOD" missed="2" covered="0"/><counter type="CLASS" missed="1" covered="0"/></sourcefile><sourcefile name="TourGuideModule.java"><line nr="12" mi="3" ci="0" mb="0" cb="0"/><line nr="16" mi="4" ci="0" mb="0" cb="0"/><counter type="INSTRUCTION" missed="7" covered="0"/><counter type="LINE" missed="2" covered="0"/><counter type="COMPLEXITY" missed="2" covered="0"/><counter type="METHOD" missed="2" covered="0"/><counter type="CLASS" missed="1" covered="0"/></sourcefile><counter type="INSTRUCTION" missed="21" covered="0"/><counter type="LINE" missed="6" covered="0"/><counter type="COMPLEXITY" missed="4" covered="0"/><counter type="METHOD" missed="4" covered="0"/><counter type="CLASS" missed="2" covered="0"/></package><package name="tourGuide/controller"><class name="tourGuide/controller/GpsUtilController" sourcefilename="GpsUtilController.java"><method name="&lt;init&gt;" desc="()V" line="15"><counter type="INSTRUCTION" missed="0" covered="3"/><counter type="LINE" missed="0" covered="1"/><counter type="COMPLEXITY" missed="0" covered="1"/><counter type="METHOD" missed="0" covered="1"/></method><method name="getUserLocation" desc="(Ljava/lang/String;)LgpsUtil/location/VisitedLocation;" line="22"><counter type="INSTRUCTION" missed="5" covered="3"/><counter type="LINE" missed="1" covered="1"/><counter type="COMPLEXITY" missed="0" covered="1"/><counter type="METHOD" missed="0" covered="1"/></method><method name="getAttractions" desc="()Ljava/util/List;" line="29"><counter type="INSTRUCTION" missed="4" covered="0"/><counter type="LINE" missed="1" covered="0"/><counter type="COMPLEXITY" missed="1" covered="0"/><counter type="METHOD" missed="1" covered="0"/></method><counter type="INSTRUCTION" missed="9" covered="6"/><counter type="LINE" missed="2" covered="2"/><counter type="COMPLEXITY" missed="1" covered="2"/><counter type="METHOD" missed="1" covered="2"/><counter type="CLASS" missed="0" covered="1"/></class><sourcefile name="GpsUtilController.java"><line nr="15" mi="0" ci="3" mb="0" cb="0"/><line nr="22" mi="0" ci="3" mb="0" cb="0"/><line nr="23" mi="5" ci="0" mb="0" cb="0"/><line nr="29" mi="4" ci="0" mb="0" cb="0"/><counter type="INSTRUCTION" missed="9" covered="6"/><counter type="LINE" missed="2" covered="2"/><counter type="COMPLEXITY" missed="1" covered="2"/><counter type="METHOD" missed="1" covered="2"/><counter type="CLASS" missed="0" covered="1"/></sourcefile><counter type="INSTRUCTION" missed="9" covered="6"/><counter type="LINE" missed="2" covered="2"/><counter type="COMPLEXITY" missed="1" covered="2"/><counter type="METHOD" missed="1" covered="2"/><counter type="CLASS" missed="0" covered="1"/></package><counter type="INSTRUCTION" missed="30" covered="6"/><counter type="LINE" missed="8" covered="2"/><counter type="COMPLEXITY" missed="5" covered="2"/><counter type="METHOD" missed="5" covered="2"/><counter type="CLASS" missed="2" covered="1"/></report>